<?xml version="1.0" encoding="UTF-8"?>
<!-- Generated by org.testng.reporters.JUnitReportReporter -->
<testsuite hostname="admin" failures="0" tests="2" name="Module01_RegisterTest.PoorvankFoodsLoginTest" time="38.040" errors="0" timestamp="2024-07-03T13:25:56 IST" skipped="0">
  <testcase classname="Module01_RegisterTest.PoorvankFoodsLoginTest" name="verifyLogin" time="16.449"/>
  <testcase classname="Module01_RegisterTest.PoorvankFoodsLoginTest" name="verifyMangoPickleSelection" time="21.591"/>
</testsuite> <!-- Module01_RegisterTest.PoorvankFoodsLoginTest -->
